<?xml version="1.0" encoding="UTF-8"?>
<testng-results skipped="0" failed="1" ignored="0" total="1" passed="0">
  <reporter-output>
    <line>
      <![CDATA[2019-01-25 11:56 ==================================================================&gt;&gt; TEST: Default test / ETAPE: test1<BR>]]>
    </line>
  </reporter-output>
  <suite name="Default suite" duration-ms="16461" started-at="2019-01-25T10:56:57Z" finished-at="2019-01-25T10:57:13Z">
    <groups>
    </groups>
    <test name="Default test" duration-ms="16461" started-at="2019-01-25T10:56:57Z" finished-at="2019-01-25T10:57:13Z">
      <class name="Test.Test_2">
        <test-method status="PASS" signature="TestNGbeforeTest()[pri:0, instance:Test.Test_2@335eadca]" name="TestNGbeforeTest" is-config="true" duration-ms="17" started-at="2019-01-25T10:56:57Z" finished-at="2019-01-25T10:56:57Z">
          <reporter-output>
          </reporter-output>
        </test-method> <!-- TestNGbeforeTest -->
        <test-method status="PASS" signature="TestNGbeforeMethod(org.testng.ITestContext, java.lang.reflect.Method)[pri:0, instance:Test.Test_2@335eadca]" name="TestNGbeforeMethod" is-config="true" duration-ms="10917" started-at="2019-01-25T10:56:57Z" finished-at="2019-01-25T10:57:08Z">
          <params>
            <param index="0">
              <value>
                <![CDATA[org.testng.TestRunner@6986852]]>
              </value>
            </param>
            <param index="1">
              <value>
                <![CDATA[public void Test.Test_2.test1() throws java.lang.Throwable]]>
              </value>
            </param>
          </params>
          <reporter-output>
            <line>
              <![CDATA[2019-01-25 11:56 ==================================================================&gt;&gt; TEST: Default test / ETAPE: test1<BR>]]>
            </line>
          </reporter-output>
        </test-method> <!-- TestNGbeforeMethod -->
        <test-method status="FAIL" signature="test1()[pri:0, instance:Test.Test_2@335eadca]" name="test1" duration-ms="3265" started-at="2019-01-25T10:57:08Z" finished-at="2019-01-25T10:57:11Z">
          <exception class="org.openqa.selenium.WebDriverException">
            <message>
              <![CDATA[unknown error: Element <a rel="nofollow" href="javascript:void(0);" id="idHeaderUserAccount" class="header__link--icon header__icon_votrecompte">...</a> is not clickable at point (1536, 35). Other element would receive the click: <div class="cookiebar-modal" id="cookiebarModal">...</div>
  (Session info: chrome=71.0.3578.98)
  (Driver info: chromedriver=2.40.565498 (ea082db3280dd6843ebfb08a625e3eb905c4f5ab),platform=Windows NT 10.0.15063 x86_64) (WARNING: The server did not provide any stacktrace information)
Command duration or timeout: 0 milliseconds
Build info: version: '3.7.1', revision: '8a0099a', time: '2017-11-06T21:01:39.354Z'
System info: host: 'LFR025382', ip: '10.226.181.44', os.name: 'Windows 10', os.arch: 'amd64', os.version: '10.0', java.version: '1.8.0_131'
Driver info: org.openqa.selenium.chrome.ChromeDriver
Capabilities {acceptInsecureCerts: false, acceptSslCerts: false, applicationCacheEnabled: false, browserConnectionEnabled: false, browserName: chrome, chrome: {chromedriverVersion: 2.40.565498 (ea082db3280dd6..., userDataDir: C:\Users\ajamaled\AppData\L...}, cssSelectorsEnabled: true, databaseEnabled: false, handlesAlerts: true, hasTouchScreen: false, javascriptEnabled: true, locationContextEnabled: true, mobileEmulationEnabled: false, nativeEvents: true, networkConnectionEnabled: false, pageLoadStrategy: normal, platform: XP, platformName: XP, rotatable: false, setWindowRect: true, takesHeapSnapshot: true, takesScreenshot: true, unexpectedAlertBehaviour: , unhandledPromptBehavior: , version: 71.0.3578.98, webStorageEnabled: true}
Session ID: f8565fd2afc9dd3f3eaadb403fe86819]]>
            </message>
            <full-stacktrace>
              <![CDATA[org.openqa.selenium.WebDriverException: unknown error: Element <a rel="nofollow" href="javascript:void(0);" id="idHeaderUserAccount" class="header__link--icon header__icon_votrecompte">...</a> is not clickable at point (1536, 35). Other element would receive the click: <div class="cookiebar-modal" id="cookiebarModal">...</div>
  (Session info: chrome=71.0.3578.98)
  (Driver info: chromedriver=2.40.565498 (ea082db3280dd6843ebfb08a625e3eb905c4f5ab),platform=Windows NT 10.0.15063 x86_64) (WARNING: The server did not provide any stacktrace information)
Command duration or timeout: 0 milliseconds
Build info: version: '3.7.1', revision: '8a0099a', time: '2017-11-06T21:01:39.354Z'
System info: host: 'LFR025382', ip: '10.226.181.44', os.name: 'Windows 10', os.arch: 'amd64', os.version: '10.0', java.version: '1.8.0_131'
Driver info: org.openqa.selenium.chrome.ChromeDriver
Capabilities {acceptInsecureCerts: false, acceptSslCerts: false, applicationCacheEnabled: false, browserConnectionEnabled: false, browserName: chrome, chrome: {chromedriverVersion: 2.40.565498 (ea082db3280dd6..., userDataDir: C:\Users\ajamaled\AppData\L...}, cssSelectorsEnabled: true, databaseEnabled: false, handlesAlerts: true, hasTouchScreen: false, javascriptEnabled: true, locationContextEnabled: true, mobileEmulationEnabled: false, nativeEvents: true, networkConnectionEnabled: false, pageLoadStrategy: normal, platform: XP, platformName: XP, rotatable: false, setWindowRect: true, takesHeapSnapshot: true, takesScreenshot: true, unexpectedAlertBehaviour: , unhandledPromptBehavior: , version: 71.0.3578.98, webStorageEnabled: true}
Session ID: f8565fd2afc9dd3f3eaadb403fe86819
at sun.reflect.NativeConstructorAccessorImpl.newInstance0(Native Method)
at sun.reflect.NativeConstructorAccessorImpl.newInstance(Unknown Source)
at sun.reflect.DelegatingConstructorAccessorImpl.newInstance(Unknown Source)
at java.lang.reflect.Constructor.newInstance(Unknown Source)
at org.openqa.selenium.remote.ErrorHandler.createThrowable(ErrorHandler.java:214)
at org.openqa.selenium.remote.ErrorHandler.throwIfResponseFailed(ErrorHandler.java:166)
at org.openqa.selenium.remote.http.JsonHttpResponseCodec.reconstructValue(JsonHttpResponseCodec.java:40)
at org.openqa.selenium.remote.http.AbstractHttpResponseCodec.decode(AbstractHttpResponseCodec.java:80)
at org.openqa.selenium.remote.http.AbstractHttpResponseCodec.decode(AbstractHttpResponseCodec.java:44)
at org.openqa.selenium.remote.HttpCommandExecutor.execute(HttpCommandExecutor.java:164)
at org.openqa.selenium.remote.service.DriverCommandExecutor.execute(DriverCommandExecutor.java:83)
at org.openqa.selenium.remote.RemoteWebDriver.execute(RemoteWebDriver.java:600)
at org.openqa.selenium.remote.RemoteWebElement.execute(RemoteWebElement.java:279)
at org.openqa.selenium.remote.RemoteWebElement.click(RemoteWebElement.java:83)
at Base.BasePage.cliquer(BasePage.java:124)
at Page.TestAF.ClickMyAccount(TestAF.java:17)
at Test.Test_2.test1(Test_2.java:14)
at sun.reflect.NativeMethodAccessorImpl.invoke0(Native Method)
at sun.reflect.NativeMethodAccessorImpl.invoke(Unknown Source)
at sun.reflect.DelegatingMethodAccessorImpl.invoke(Unknown Source)
at java.lang.reflect.Method.invoke(Unknown Source)
at org.testng.internal.MethodInvocationHelper.invokeMethod(MethodInvocationHelper.java:124)
at org.testng.internal.Invoker.invokeMethod(Invoker.java:580)
at org.testng.internal.Invoker.invokeTestMethod(Invoker.java:716)
at org.testng.internal.Invoker.invokeTestMethods(Invoker.java:988)
at org.testng.internal.TestMethodWorker.invokeTestMethods(TestMethodWorker.java:125)
at org.testng.internal.TestMethodWorker.run(TestMethodWorker.java:109)
at org.testng.TestRunner.privateRun(TestRunner.java:648)
at org.testng.TestRunner.run(TestRunner.java:505)
at org.testng.SuiteRunner.runTest(SuiteRunner.java:455)
at org.testng.SuiteRunner.runSequentially(SuiteRunner.java:450)
at org.testng.SuiteRunner.privateRun(SuiteRunner.java:415)
at org.testng.SuiteRunner.run(SuiteRunner.java:364)
at org.testng.SuiteRunnerWorker.runSuite(SuiteRunnerWorker.java:52)
at org.testng.SuiteRunnerWorker.run(SuiteRunnerWorker.java:84)
at org.testng.TestNG.runSuitesSequentially(TestNG.java:1208)
at org.testng.TestNG.runSuitesLocally(TestNG.java:1137)
at org.testng.TestNG.runSuites(TestNG.java:1049)
at org.testng.TestNG.run(TestNG.java:1017)
at org.testng.remote.AbstractRemoteTestNG.run(AbstractRemoteTestNG.java:114)
at org.testng.remote.RemoteTestNG.initAndRun(RemoteTestNG.java:251)
at org.testng.remote.RemoteTestNG.main(RemoteTestNG.java:77)
]]>
            </full-stacktrace>
          </exception> <!-- org.openqa.selenium.WebDriverException -->
          <reporter-output>
          </reporter-output>
        </test-method> <!-- test1 -->
        <test-method status="PASS" signature="TestNGafterMethod()[pri:0, instance:Test.Test_2@335eadca]" name="TestNGafterMethod" is-config="true" duration-ms="2229" started-at="2019-01-25T10:57:11Z" finished-at="2019-01-25T10:57:13Z">
          <reporter-output>
          </reporter-output>
        </test-method> <!-- TestNGafterMethod -->
        <test-method status="PASS" signature="TestNGafterTest()[pri:0, instance:Test.Test_2@335eadca]" name="TestNGafterTest" is-config="true" duration-ms="0" started-at="2019-01-25T10:57:13Z" finished-at="2019-01-25T10:57:13Z">
          <reporter-output>
          </reporter-output>
        </test-method> <!-- TestNGafterTest -->
      </class> <!-- Test.Test_2 -->
    </test> <!-- Default test -->
  </suite> <!-- Default suite -->
</testng-results>
