<?xml version="1.0" encoding="UTF-8"?>
<!-- Generated by org.testng.reporters.JUnitXMLReporter -->
<testsuite hostname="LFR025382" ignored="4" name="Test" tests="1" failures="0" timestamp="21 janv. 2019 09:51:46 GMT" time="34.166" errors="0">
  <testcase name="Test_Creation_Pnr_AF" time="24.31" classname="Test.Test_1"/>
  <testcase name="Test_Deposer_Annonce_Bon_Coin" time="0.0" classname="Test.Test_1">
    <ignored/>
  </testcase> <!-- Test_Deposer_Annonce_Bon_Coin -->
  <testcase name="Test_Recherche_Bon_Coin" time="0.0" classname="Test.Test_1">
    <ignored/>
  </testcase> <!-- Test_Recherche_Bon_Coin -->
  <testcase name="Test_Scroll" time="0.0" classname="Test.Test_1">
    <ignored/>
  </testcase> <!-- Test_Scroll -->
  <testcase name="Test_Creation_Compte_Bon_Coin" time="0.0" classname="Test.Test_1">
    <ignored/>
  </testcase> <!-- Test_Creation_Compte_Bon_Coin -->
</testsuite> <!-- Test -->
